The system is: Windows - 10.0.18362 - AMD64
Compiling the C compiler identification source file "CMakeCCompilerId.c" succeeded.
Compiler: C:/Program Files/mingw-w64/x86_64-8.1.0-win32-seh-rt_v6-rev0/mingw64/bin/gcc.exe 
Build flags: 
Id flags:  

The output was:
0


Compilation of the C compiler identification source "CMakeCCompilerId.c" produced "a.exe"

The C compiler identification is GNU, found in "D:/Research_and_Development/everything-c/StandardLib/math/Log10Func/cmake-build-debug/CMakeFiles/3.15.3/CompilerIdC/a.exe"

Determining if the C compiler works passed with the following output:
Change Dir: D:/Research_and_Development/everything-c/StandardLib/math/Log10Func/cmake-build-debug/CMakeFiles/CMakeTmp

Run Build Command(s):C:/PROGRA~1/MINGW-~1/X86_64~1.0-W/mingw64/bin/mingw32-make.exe cmTC_ee089/fast && C:/PROGRA~1/MINGW-~1/X86_64~1.0-W/mingw64/bin/mingw32-make.exe -f CMakeFiles\cmTC_ee089.dir\build.make CMakeFiles/cmTC_ee089.dir/build
mingw32-make.exe[1]: Entering directory 'D:/Research_and_Development/everything-c/StandardLib/math/Log10Func/cmake-build-debug/CMakeFiles/CMakeTmp'
Building C object CMakeFiles/cmTC_ee089.dir/testCCompiler.c.obj
C:\PROGRA~1\MINGW-~1\X86_64~1.0-W\mingw64\bin\gcc.exe    -o CMakeFiles\cmTC_ee089.dir\testCCompiler.c.obj   -c D:\Research_and_Development\everything-c\StandardLib\math\Log10Func\cmake-build-debug\CMakeFiles\CMakeTmp\testCCompiler.c
Linking C executable cmTC_ee089.exe
C:\Users\steam.hyperpolyglot\AppData\Local\JetBrains\Toolbox\apps\CLion\ch-0\193.6494.38\bin\cmake\win\bin\cmake.exe -E cmake_link_script CMakeFiles\cmTC_ee089.dir\link.txt --verbose=1
C:\Users\steam.hyperpolyglot\AppData\Local\JetBrains\Toolbox\apps\CLion\ch-0\193.6494.38\bin\cmake\win\bin\cmake.exe -E remove -f CMakeFiles\cmTC_ee089.dir/objects.a
C:\PROGRA~1\MINGW-~1\X86_64~1.0-W\mingw64\bin\ar.exe cr CMakeFiles\cmTC_ee089.dir/objects.a @CMakeFiles\cmTC_ee089.dir\objects1.rsp
C:\PROGRA~1\MINGW-~1\X86_64~1.0-W\mingw64\bin\gcc.exe      -Wl,--whole-archive CMakeFiles\cmTC_ee089.dir/objects.a -Wl,--no-whole-archive  -o cmTC_ee089.exe -Wl,--out-implib,libcmTC_ee089.dll.a -Wl,--major-image-version,0,--minor-image-version,0 @CMakeFiles\cmTC_ee089.dir\linklibs.rsp
mingw32-make.exe[1]: Leaving directory 'D:/Research_and_Development/everything-c/StandardLib/math/Log10Func/cmake-build-debug/CMakeFiles/CMakeTmp'



